Build started 2017-01-12 21:34:34.
     1>Project "C:\Users\Michał\Documents\Visual Studio 2013\Projects\kola_lokomotywy\kola_lokomotywy.vcxproj" on node 2 (Build target(s)).
     1>ClCompile:
         C:\Program Files (x86)\Microsoft Visual Studio 12.0\VC\bin\CL.exe /c /ZI /nologo /W3 /WX- /Od /Oy- /D WIN32 /D _DEBUG /D _CONSOLE /D _LIB /D _UNICODE /D UNICODE /Gm /EHsc /RTC1 /MDd /GS /fp:precise /Zc:wchar_t /Zc:forScope /Fo"Debug\\" /Fd"Debug\vc120.pdb" /Gd /TP /analyze- /errorReport:prompt main.cpp
         main.cpp
     1>c:\users\michał\documents\visual studio 2013\projects\kola_lokomotywy\main.cpp(441): warning C4018: '<' : signed/unsigned mismatch
       Link:
         C:\Program Files (x86)\Microsoft Visual Studio 12.0\VC\bin\link.exe /ERRORREPORT:PROMPT /OUT:"C:\Users\Michał\Documents\Visual Studio 2013\Projects\kola_lokomotywy\Debug\kola_lokomotywy.exe" /INCREMENTAL /NOLOGO opengl32.lib glfw3.lib glew32s.lib soil.lib kernel32.lib user32.lib gdi32.lib winspool.lib comdlg32.lib advapi32.lib shell32.lib ole32.lib oleaut32.lib uuid.lib odbc32.lib odbccp32.lib kernel32.lib user32.lib gdi32.lib winspool.lib comdlg32.lib advapi32.lib shell32.lib ole32.lib oleaut32.lib uuid.lib odbc32.lib odbccp32.lib /NODEFAULTLIB:msvcrt.lib /NODEFAULTLIB:libcmt.lib /MANIFEST /MANIFESTUAC:"level='asInvoker' uiAccess='false'" /manifest:embed /DEBUG /PDB:"C:\Users\Michał\Documents\Visual Studio 2013\Projects\kola_lokomotywy\Debug\kola_lokomotywy.pdb" /SUBSYSTEM:CONSOLE /TLBID:1 /DYNAMICBASE /NXCOMPAT /IMPLIB:"C:\Users\Michał\Documents\Visual Studio 2013\Projects\kola_lokomotywy\Debug\kola_lokomotywy.lib" /MACHINE:X86 Debug\Camera.obj
         Debug\main.obj
         Debug\shprogram.obj
         Debug\Wheel.obj
         soil.lib(SOIL.obj) : MSIL .netmodule or module compiled with /GL found; restarting link with /LTCG; add /LTCG to the link command line to improve linker performance
     1>LINK : warning LNK4075: ignoring '/INCREMENTAL' due to '/LTCG' specification
     1>Camera.obj : warning LNK4075: ignoring '/EDITANDCONTINUE' due to '/OPT:LBR' specification
         Generating code
         Finished generating code
     1>shprogram.obj : warning LNK4049: locally defined symbol ___glewAttachShader imported
     1>shprogram.obj : warning LNK4049: locally defined symbol ___glewCompileShader imported
     1>shprogram.obj : warning LNK4049: locally defined symbol ___glewCreateProgram imported
     1>shprogram.obj : warning LNK4049: locally defined symbol ___glewCreateShader imported
     1>shprogram.obj : warning LNK4049: locally defined symbol ___glewDeleteShader imported
     1>shprogram.obj : warning LNK4049: locally defined symbol ___glewGetProgramInfoLog imported
     1>shprogram.obj : warning LNK4049: locally defined symbol ___glewGetProgramiv imported
     1>shprogram.obj : warning LNK4049: locally defined symbol ___glewGetShaderInfoLog imported
     1>shprogram.obj : warning LNK4049: locally defined symbol ___glewGetShaderiv imported
     1>shprogram.obj : warning LNK4049: locally defined symbol ___glewLinkProgram imported
     1>shprogram.obj : warning LNK4049: locally defined symbol ___glewShaderSource imported
         kola_lokomotywy.vcxproj -> C:\Users\Michał\Documents\Visual Studio 2013\Projects\kola_lokomotywy\Debug\kola_lokomotywy.exe
     1>Done Building Project "C:\Users\Michał\Documents\Visual Studio 2013\Projects\kola_lokomotywy\kola_lokomotywy.vcxproj" (Build target(s)).

Build succeeded.

Time Elapsed 00:00:02.43
